{"clientVersion":"5.17.0","code":"P2025","level":"error","name":"NotFoundError"}
{"level":"error"}
{"clientVersion":"5.17.0","code":"P2025","level":"error","name":"NotFoundError"}
{"level":"error"}
{"level":"error"}
{"level":"error"}
{"level":"info","message":"Running cron job to update student internship statuses to ACTIVE"}
{"level":"info","message":"Updated 0 internships to ACTIVE"}
{"level":"warn","message":"No internships were updated to ACTIVE. There might be no internships with today's date within the start and end dates."}
{"level":"info","message":"Running cron job to update student internship statuses to FINISHED"}
{"level":"info","message":"Updated 0 internships to FINISHED"}
{"level":"warn","message":"No internships were updated to FINISHED. There might be no active internships with today's end date."}
{"level":"error"}
{"level":"info","message":"Running cron job to update student internship statuses to ACTIVE"}
{"level":"info","message":"Updated 0 internships to ACTIVE"}
{"level":"warn","message":"No internships were updated to ACTIVE. There might be no internships with today's date within the start and end dates."}
{"level":"info","message":"Running cron job to update student internship statuses to FINISHED"}
{"level":"info","message":"Updated 0 internships to FINISHED"}
{"level":"warn","message":"No internships were updated to FINISHED. There might be no active internships with today's end date."}
{"level":"info","message":"Running cron job to update student internship statuses to ACTIVE"}
{"level":"info","message":"Updated 0 internships to ACTIVE"}
{"level":"warn","message":"No internships were updated to ACTIVE. There might be no internships with today's date within the start and end dates."}
{"level":"info","message":"Running cron job to update student internship statuses to FINISHED"}
{"level":"info","message":"Updated 0 internships to FINISHED"}
{"level":"warn","message":"No internships were updated to FINISHED. There might be no active internships with today's end date."}
{"clientVersion":"5.17.0","level":"error","name":"PrismaClientValidationError"}
{"clientVersion":"5.17.0","level":"error","name":"PrismaClientValidationError"}
{"clientVersion":"5.17.0","level":"error","name":"PrismaClientValidationError"}
{"level":"error"}
{"level":"error"}
{"level":"info","message":"Running cron job to update student internship statuses to ACTIVE"}
{"level":"info","message":"Updated 0 internships to ACTIVE"}
{"level":"warn","message":"No internships were updated to ACTIVE. There might be no internships with today's date within the start and end dates."}
{"level":"info","message":"Running cron job to update student internship statuses to FINISHED"}
{"level":"info","message":"Updated 0 internships to FINISHED"}
{"level":"warn","message":"No internships were updated to FINISHED. There might be no active internships with today's end date."}
{"level":"error"}
{"level":"error"}
{"level":"info","message":"Running cron job to update student internship statuses to ACTIVE"}
{"level":"info","message":"Updated 1 internships to ACTIVE"}
{"level":"info","message":"Running cron job to update student internship statuses to FINISHED"}
{"level":"info","message":"Updated 0 internships to FINISHED"}
{"level":"warn","message":"No internships were updated to FINISHED. There might be no active internships with yesterday's end date."}
